<?xml version="1.0" encoding="UTF-8"?>
<!-- Generated by org.testng.reporters.JUnitReportReporter -->
<testsuite hostname="DESKTOP-U5UN98U" failures="0" tests="4" name="testNG_XML_lStudy.TestGroup2" time="0.013" errors="0" timestamp="2022-03-22T14:35:48 GMT-04:00" skipped="0">
  <testcase classname="testNG_XML_lStudy.TestGroup2" name="TC10" time="0.002"/>
  <system-out>
    <![CDATA[Running TC10]]>
  </system-out>
  <testcase classname="testNG_XML_lStudy.TestGroup2" name="TC9" time="0.005"/>
  <system-out>
    <![CDATA[Running TC9]]>
  </system-out>
  <testcase classname="testNG_XML_lStudy.TestGroup2" name="TC7" time="0.004"/>
  <system-out>
    <![CDATA[Running TC7]]>
  </system-out>
  <testcase classname="testNG_XML_lStudy.TestGroup2" name="TC8" time="0.002"/>
  <system-out>
    <![CDATA[Running TC8]]>
  </system-out>
</testsuite> <!-- testNG_XML_lStudy.TestGroup2 -->
