<?xml version="1.0" encoding="UTF-8"?>
<!-- Generated by org.testng.reporters.JUnitReportReporter -->
<testsuite hostname="DESKTOP-U5UN98U" failures="0" tests="3" name="testNG_XML_lStudy.Test123" time="0.021" errors="0" timestamp="2022-03-22T14:11:32 GMT-04:00" skipped="0">
  <testcase classname="testNG_XML_lStudy.Test123" name="TC10" time="0.015"/>
  <system-out>
    <![CDATA[Running TC10]]>
  </system-out>
  <testcase classname="testNG_XML_lStudy.Test123" name="TC6" time="0.004"/>
  <system-out>
    <![CDATA[Running TC6]]>
  </system-out>
  <testcase classname="testNG_XML_lStudy.Test123" name="TC9" time="0.002"/>
  <system-out>
    <![CDATA[Running TC9]]>
  </system-out>
</testsuite> <!-- testNG_XML_lStudy.Test123 -->
