<?xml version="1.0" encoding="UTF-8"?>
<!-- Generated by org.testng.reporters.JUnitReportReporter -->
<testsuite hostname="DESKTOP-U5UN98U" failures="0" tests="4" name="testNGStudy.TestNG_1" time="0.041" errors="0" timestamp="2022-03-22T09:32:10 GMT-04:00" skipped="0">
  <testcase classname="testNGStudy.TestNG_1" name="method_3" time="0.010"/>
  <system-out/>
  <testcase classname="testNGStudy.TestNG_1" name="method_4" time="0.002"/>
  <system-out/>
  <testcase classname="testNGStudy.TestNG_1" name="method_2" time="0.012"/>
  <system-out/>
  <testcase classname="testNGStudy.TestNG_1" name="Method_1" time="0.017"/>
  <system-out/>
</testsuite> <!-- testNGStudy.TestNG_1 -->
