<?xml version="1.0" encoding="UTF-8"?>
<!-- Generated by org.testng.reporters.JUnitReportReporter -->
<testsuite hostname="DESKTOP-U5UN98U" failures="0" tests="1" name="KitePOMTestNG.KitePOMTestNG" time="7.086" errors="0" timestamp="2022-03-30T01:42:43 GMT-04:00" skipped="0">
  <testcase classname="KitePOMTestNG.KitePOMTestNG" name="ValidateUserId" time="7.086"/>
  <system-out>
    <![CDATA[validating useer id successfully
USerId validated successfully, test case is passed]]>
  </system-out>
</testsuite> <!-- KitePOMTestNG.KitePOMTestNG -->
