<?xml version="1.0" encoding="UTF-8"?>
<!-- Generated by org.testng.reporters.JUnitReportReporter -->
<testsuite hostname="DESKTOP-U5UN98U" failures="0" tests="2" name="testNG_XML_lStudy.MyClass" time="0.021" errors="0" timestamp="2022-04-01T14:13:11 GMT-04:00" skipped="0">
  <testcase classname="testNG_XML_lStudy.MyClass" name="TC1" time="0.014"/>
  <system-out>
    <![CDATA[Running TC1]]>
  </system-out>
  <testcase classname="testNG_XML_lStudy.MyClass" name="TC2" time="0.007"/>
  <system-out>
    <![CDATA[Running TC2]]>
  </system-out>
</testsuite> <!-- testNG_XML_lStudy.MyClass -->
