<?xml version="1.0" encoding="UTF-8"?>
<!-- Generated by org.testng.reporters.JUnitReportReporter -->
<testsuite hostname="DESKTOP-U5UN98U" failures="0" tests="4" name="testNG_XML_lStudy.TestGroup1" time="0.026" errors="0" timestamp="2022-03-22T14:35:48 GMT-04:00" skipped="0">
  <testcase classname="testNG_XML_lStudy.TestGroup1" name="TC5" time="0.002"/>
  <system-out>
    <![CDATA[Running TC5]]>
  </system-out>
  <testcase classname="testNG_XML_lStudy.TestGroup1" name="TC2" time="0.015"/>
  <system-out>
    <![CDATA[Running TC2]]>
  </system-out>
  <testcase classname="testNG_XML_lStudy.TestGroup1" name="TC4" time="0.003"/>
  <system-out>
    <![CDATA[Running TC4]]>
  </system-out>
  <testcase classname="testNG_XML_lStudy.TestGroup1" name="TC3" time="0.006"/>
  <system-out>
    <![CDATA[Running TC3]]>
  </system-out>
</testsuite> <!-- testNG_XML_lStudy.TestGroup1 -->
