<?xml version="1.0" encoding="UTF-8"?>
<!-- Generated by org.testng.reporters.JUnitReportReporter -->
<testsuite hostname="DESKTOP-U5UN98U" failures="0" tests="1" name="kitePOMClasses.KiteUserNameVAlidation" time="8.718" errors="0" timestamp="2022-03-29T15:05:39 GMT-04:00" skipped="0">
  <testcase classname="kitePOMClasses.KiteUserNameVAlidation" name="validateUserName" time="8.718"/>
  <system-out>
    <![CDATA[screenshot taken for TC100
validated user name]]>
  </system-out>
</testsuite> <!-- kitePOMClasses.KiteUserNameVAlidation -->
