<?xml version="1.0" encoding="UTF-8"?>
<!-- Generated by org.testng.reporters.JUnitReportReporter -->
<testsuite hostname="DESKTOP-U5UN98U" failures="0" tests="3" name="testNGStudy.TestNg_2" time="76.495" errors="0" timestamp="2022-03-19T14:05:55 GMT-04:00" skipped="0">
  <testcase classname="testNGStudy.TestNg_2" name="method3" time="25.809"/>
  <system-out/>
  <testcase classname="testNGStudy.TestNg_2" name="method1" time="26.412"/>
  <system-out/>
  <testcase classname="testNGStudy.TestNg_2" name="method2" time="24.274"/>
  <system-out/>
</testsuite> <!-- testNGStudy.TestNg_2 -->
