<?xml version="1.0" encoding="UTF-8"?>
<!-- Generated by org.testng.reporters.JUnitReportReporter -->
<testsuite hostname="DESKTOP-U5UN98U" failures="0" tests="1" name="mykiteAppTestClasses.KiteUserNameVAlidation" time="9.271" errors="0" timestamp="2022-03-31T10:44:23 GMT-04:00" skipped="0">
  <testcase classname="mykiteAppTestClasses.KiteUserNameVAlidation" name="validateUserName" time="9.271"/>
  <system-out>
    <![CDATA[screenshot taken for TC100
validated user name]]>
  </system-out>
</testsuite> <!-- mykiteAppTestClasses.KiteUserNameVAlidation -->
